# JRE version: OpenJDK Runtime Environment (11.0.15.1+2) (build 11.0.15.1+2-LTS)
# Java VM: OpenJDK 64-Bit Server VM (11.0.15.1+2-LTS, mixed mode, tiered, compressed oops, g1 gc, windows-amd64)
Heap:
 garbage-first heap   total 251904K, used 62004K [0x000000070a000000, 0x0000000800000000)
  region size 1024K, 57 young (58368K), 6 survivors (6144K)
 Metaspace       used 40029K, capacity 41100K, committed 41296K, reserved 1085440K
  class space    used 4655K, capacity 5087K, committed 5120K, reserved 1048576K
GC Heap History (8 events):
Event: 0.788 GC heap before
{Heap before GC invocations=0 (full 0):
 garbage-first heap   total 251904K, used 24576K [0x000000070a000000, 0x0000000800000000)
  region size 1024K, 24 young (24576K), 0 survivors (0K)
 Metaspace       used 14259K, capacity 14594K, committed 14848K, reserved 1062912K
  class space    used 1411K, capacity 1487K, committed 1536K, reserved 1048576K
}
Event: 0.792 GC heap after
{Heap after GC invocations=1 (full 0):
 garbage-first heap   total 251904K, used 4674K [0x000000070a000000, 0x0000000800000000)
  region size 1024K, 3 young (3072K), 3 survivors (3072K)
 Metaspace       used 14259K, capacity 14594K, committed 14848K, reserved 1062912K
  class space    used 1411K, capacity 1487K, committed 1536K, reserved 1048576K
}
Event: 1.364 GC heap before
{Heap before GC invocations=1 (full 0):
 garbage-first heap   total 251904K, used 32322K [0x000000070a000000, 0x0000000800000000)
  region size 1024K, 31 young (31744K), 3 survivors (3072K)
 Metaspace       used 20764K, capacity 21236K, committed 21296K, reserved 1069056K
  class space    used 2224K, capacity 2430K, committed 2432K, reserved 1048576K
}
Event: 1.368 GC heap after
{Heap after GC invocations=2 (full 0):
 garbage-first heap   total 251904K, used 5893K [0x000000070a000000, 0x0000000800000000)
  region size 1024K, 5 young (5120K), 5 survivors (5120K)
 Metaspace       used 20764K, capacity 21236K, committed 21296K, reserved 1069056K
  class space    used 2224K, capacity 2430K, committed 2432K, reserved 1048576K
}
Event: 1.856 GC heap before
{Heap before GC invocations=3 (full 0):
 garbage-first heap   total 251904K, used 39685K [0x000000070a000000, 0x0000000800000000)
  region size 1024K, 39 young (39936K), 5 survivors (5120K)
 Metaspace       used 25785K, capacity 26407K, committed 26672K, reserved 1073152K
  class space    used 2846K, capacity 3086K, committed 3200K, reserved 1048576K
}
Event: 1.862 GC heap after
{Heap after GC invocations=4 (full 0):
 garbage-first heap   total 251904K, used 7732K [0x000000070a000000, 0x0000000800000000)
  region size 1024K, 3 young (3072K), 3 survivors (3072K)
 Metaspace       used 25785K, capacity 26407K, committed 26672K, reserved 1073152K
  class space    used 2846K, capacity 3086K, committed 3200K, reserved 1048576K
}
Event: 3.091 GC heap before
{Heap before GC invocations=4 (full 0):
 garbage-first heap   total 251904K, used 62004K [0x000000070a000000, 0x0000000800000000)
  region size 1024K, 57 young (58368K), 3 survivors (3072K)
 Metaspace       used 34863K, capacity 35769K, committed 35920K, reserved 1081344K
  class space    used 3926K, capacity 4291K, committed 4352K, reserved 1048576K
}
Event: 3.101 GC heap after
{Heap after GC invocations=5 (full 0):
 garbage-first heap   total 251904K, used 10804K [0x000000070a000000, 0x0000000800000000)
  region size 1024K, 6 young (6144K), 6 survivors (6144K)
 Metaspace       used 34863K, capacity 35769K, committed 35920K, reserved 1081344K
  class space    used 3926K, capacity 4291K, committed 4352K, reserved 1048576K
}

