# JRE version: OpenJDK Runtime Environment (11.0.15.1+2) (build 11.0.15.1+2-LTS)
# Java VM: OpenJDK 64-Bit Server VM (11.0.15.1+2-LTS, mixed mode, tiered, compressed oops, g1 gc, windows-amd64)
Heap:
 garbage-first heap   total 251904K, used 24990K [0x00000004dc000000, 0x00000005d2000000)
  region size 1024K, 20 young (20480K), 4 survivors (4096K)
 Metaspace       used 34214K, capacity 35103K, committed 35376K, reserved 1081344K
  class space    used 4048K, capacity 4385K, committed 4480K, reserved 1048576K
GC Heap History (8 events):
Event: 0.972 GC heap before
{Heap before GC invocations=0 (full 0):
 garbage-first heap   total 251904K, used 23552K [0x00000004dc000000, 0x00000005d2000000)
  region size 1024K, 24 young (24576K), 0 survivors (0K)
 Metaspace       used 12534K, capacity 12780K, committed 12928K, reserved 1060864K
  class space    used 1235K, capacity 1305K, committed 1408K, reserved 1048576K
}
Event: 0.977 GC heap after
{Heap after GC invocations=1 (full 0):
 garbage-first heap   total 251904K, used 4647K [0x00000004dc000000, 0x00000005d2000000)
  region size 1024K, 3 young (3072K), 3 survivors (3072K)
 Metaspace       used 12534K, capacity 12780K, committed 12928K, reserved 1060864K
  class space    used 1235K, capacity 1305K, committed 1408K, reserved 1048576K
}
Event: 1.772 GC heap before
{Heap before GC invocations=1 (full 0):
 garbage-first heap   total 251904K, used 40487K [0x00000004dc000000, 0x00000005d2000000)
  region size 1024K, 39 young (39936K), 3 survivors (3072K)
 Metaspace       used 20774K, capacity 21229K, committed 21296K, reserved 1069056K
  class space    used 2226K, capacity 2431K, committed 2432K, reserved 1048576K
}
Event: 1.779 GC heap after
{Heap after GC invocations=2 (full 0):
 garbage-first heap   total 251904K, used 6508K [0x00000004dc000000, 0x00000005d2000000)
  region size 1024K, 5 young (5120K), 5 survivors (5120K)
 Metaspace       used 20774K, capacity 21229K, committed 21296K, reserved 1069056K
  class space    used 2226K, capacity 2431K, committed 2432K, reserved 1048576K
}
Event: 2.165 GC heap before
{Heap before GC invocations=3 (full 0):
 garbage-first heap   total 251904K, used 24940K [0x00000004dc000000, 0x00000005d2000000)
  region size 1024K, 24 young (24576K), 5 survivors (5120K)
 Metaspace       used 24060K, capacity 24616K, committed 24880K, reserved 1071104K
  class space    used 2667K, capacity 2883K, committed 2944K, reserved 1048576K
}
Event: 2.170 GC heap after
{Heap after GC invocations=4 (full 0):
 garbage-first heap   total 251904K, used 7059K [0x00000004dc000000, 0x00000005d2000000)
  region size 1024K, 1 young (1024K), 1 survivors (1024K)
 Metaspace       used 24060K, capacity 24616K, committed 24880K, reserved 1071104K
  class space    used 2667K, capacity 2883K, committed 2944K, reserved 1048576K
}
Event: 3.597 GC heap before
{Heap before GC invocations=4 (full 0):
 garbage-first heap   total 251904K, used 64403K [0x00000004dc000000, 0x00000005d2000000)
  region size 1024K, 58 young (59392K), 1 survivors (1024K)
 Metaspace       used 30991K, capacity 31872K, committed 32048K, reserved 1077248K
  class space    used 3615K, capacity 3943K, committed 3968K, reserved 1048576K
}
Event: 3.601 GC heap after
{Heap after GC invocations=5 (full 0):
 garbage-first heap   total 251904K, used 9630K [0x00000004dc000000, 0x00000005d2000000)
  region size 1024K, 4 young (4096K), 4 survivors (4096K)
 Metaspace       used 30991K, capacity 31872K, committed 32048K, reserved 1077248K
  class space    used 3615K, capacity 3943K, committed 3968K, reserved 1048576K
}

