# JRE version: OpenJDK Runtime Environment (11.0.15.1+2) (build 11.0.15.1+2-LTS)
# Java VM: OpenJDK 64-Bit Server VM (11.0.15.1+2-LTS, mixed mode, tiered, compressed oops, g1 gc, windows-amd64)
Heap:
 garbage-first heap   total 251904K, used 54053K [0x000000070a000000, 0x0000000800000000)
  region size 1024K, 49 young (50176K), 7 survivors (7168K)
 Metaspace       used 41035K, capacity 42058K, committed 42364K, reserved 1087488K
  class space    used 4653K, capacity 5064K, committed 5120K, reserved 1048576K
GC Heap History (10 events):
Event: 0.761 GC heap before
{Heap before GC invocations=0 (full 0):
 garbage-first heap   total 251904K, used 23552K [0x000000070a000000, 0x0000000800000000)
  region size 1024K, 24 young (24576K), 0 survivors (0K)
 Metaspace       used 12492K, capacity 12780K, committed 12928K, reserved 1060864K
  class space    used 1213K, capacity 1304K, committed 1408K, reserved 1048576K
}
Event: 0.764 GC heap after
{Heap after GC invocations=1 (full 0):
 garbage-first heap   total 251904K, used 5014K [0x000000070a000000, 0x0000000800000000)
  region size 1024K, 3 young (3072K), 3 survivors (3072K)
 Metaspace       used 12492K, capacity 12780K, committed 12928K, reserved 1060864K
  class space    used 1213K, capacity 1304K, committed 1408K, reserved 1048576K
}
Event: 1.358 GC heap before
{Heap before GC invocations=1 (full 0):
 garbage-first heap   total 251904K, used 39830K [0x000000070a000000, 0x0000000800000000)
  region size 1024K, 38 young (38912K), 3 survivors (3072K)
 Metaspace       used 20676K, capacity 21165K, committed 21296K, reserved 1069056K
  class space    used 2217K, capacity 2409K, committed 2432K, reserved 1048576K
}
Event: 1.363 GC heap after
{Heap after GC invocations=2 (full 0):
 garbage-first heap   total 251904K, used 6737K [0x000000070a000000, 0x0000000800000000)
  region size 1024K, 5 young (5120K), 5 survivors (5120K)
 Metaspace       used 20676K, capacity 21165K, committed 21296K, reserved 1069056K
  class space    used 2217K, capacity 2409K, committed 2432K, reserved 1048576K
}
Event: 1.796 GC heap before
{Heap before GC invocations=3 (full 0):
 garbage-first heap   total 251904K, used 40529K [0x000000070a000000, 0x0000000800000000)
  region size 1024K, 39 young (39936K), 5 survivors (5120K)
 Metaspace       used 25831K, capacity 26579K, committed 26672K, reserved 1073152K
  class space    used 2853K, capacity 3149K, committed 3200K, reserved 1048576K
}
Event: 1.801 GC heap after
{Heap after GC invocations=4 (full 0):
 garbage-first heap   total 251904K, used 8485K [0x000000070a000000, 0x0000000800000000)
  region size 1024K, 4 young (4096K), 4 survivors (4096K)
 Metaspace       used 25831K, capacity 26579K, committed 26672K, reserved 1073152K
  class space    used 2853K, capacity 3149K, committed 3200K, reserved 1048576K
}
Event: 3.044 GC heap before
{Heap before GC invocations=4 (full 0):
 garbage-first heap   total 251904K, used 67877K [0x000000070a000000, 0x0000000800000000)
  region size 1024K, 62 young (63488K), 4 survivors (4096K)
 Metaspace       used 33632K, capacity 34653K, committed 34864K, reserved 1079296K
  class space    used 3804K, capacity 4173K, committed 4224K, reserved 1048576K
}
Event: 3.049 GC heap after
{Heap after GC invocations=5 (full 0):
 garbage-first heap   total 251904K, used 11045K [0x000000070a000000, 0x0000000800000000)
  region size 1024K, 6 young (6144K), 6 survivors (6144K)
 Metaspace       used 33632K, capacity 34653K, committed 34864K, reserved 1079296K
  class space    used 3804K, capacity 4173K, committed 4224K, reserved 1048576K
}
Event: 3.380 GC heap before
{Heap before GC invocations=5 (full 0):
 garbage-first heap   total 251904K, used 22309K [0x000000070a000000, 0x0000000800000000)
  region size 1024K, 18 young (18432K), 6 survivors (6144K)
 Metaspace       used 34719K, capacity 35655K, committed 35708K, reserved 1081344K
  class space    used 3933K, capacity 4315K, committed 4352K, reserved 1048576K
}
Event: 3.385 GC heap after
{Heap after GC invocations=6 (full 0):
 garbage-first heap   total 251904K, used 12069K [0x000000070a000000, 0x0000000800000000)
  region size 1024K, 7 young (7168K), 7 survivors (7168K)
 Metaspace       used 34719K, capacity 35655K, committed 35708K, reserved 1081344K
  class space    used 3933K, capacity 4315K, committed 4352K, reserved 1048576K
}

