# JRE version: OpenJDK Runtime Environment (11.0.15.1+2) (build 11.0.15.1+2-LTS)
# Java VM: OpenJDK 64-Bit Server VM (11.0.15.1+2-LTS, mixed mode, tiered, compressed oops, g1 gc, windows-amd64)
Heap:
 garbage-first heap   total 251904K, used 60822K [0x000000070a000000, 0x0000000800000000)
  region size 1024K, 56 young (57344K), 6 survivors (6144K)
 Metaspace       used 40077K, capacity 41150K, committed 41296K, reserved 1085440K
  class space    used 4652K, capacity 5082K, committed 5120K, reserved 1048576K
GC Heap History (8 events):
Event: 0.808 GC heap before
{Heap before GC invocations=0 (full 0):
 garbage-first heap   total 251904K, used 24576K [0x000000070a000000, 0x0000000800000000)
  region size 1024K, 24 young (24576K), 0 survivors (0K)
 Metaspace       used 14296K, capacity 14629K, committed 14848K, reserved 1062912K
  class space    used 1419K, capacity 1520K, committed 1536K, reserved 1048576K
}
Event: 0.812 GC heap after
{Heap after GC invocations=1 (full 0):
 garbage-first heap   total 251904K, used 4604K [0x000000070a000000, 0x0000000800000000)
  region size 1024K, 3 young (3072K), 3 survivors (3072K)
 Metaspace       used 14296K, capacity 14629K, committed 14848K, reserved 1062912K
  class space    used 1419K, capacity 1520K, committed 1536K, reserved 1048576K
}
Event: 1.242 GC heap before
{Heap before GC invocations=1 (full 0):
 garbage-first heap   total 251904K, used 31228K [0x000000070a000000, 0x0000000800000000)
  region size 1024K, 30 young (30720K), 3 survivors (3072K)
 Metaspace       used 20706K, capacity 21192K, committed 21296K, reserved 1069056K
  class space    used 2214K, capacity 2395K, committed 2432K, reserved 1048576K
}
Event: 1.248 GC heap after
{Heap after GC invocations=2 (full 0):
 garbage-first heap   total 251904K, used 5894K [0x000000070a000000, 0x0000000800000000)
  region size 1024K, 5 young (5120K), 5 survivors (5120K)
 Metaspace       used 20706K, capacity 21192K, committed 21296K, reserved 1069056K
  class space    used 2214K, capacity 2395K, committed 2432K, reserved 1048576K
}
Event: 1.608 GC heap before
{Heap before GC invocations=3 (full 0):
 garbage-first heap   total 251904K, used 33542K [0x000000070a000000, 0x0000000800000000)
  region size 1024K, 33 young (33792K), 5 survivors (5120K)
 Metaspace       used 25412K, capacity 26086K, committed 26288K, reserved 1073152K
  class space    used 2807K, capacity 3046K, committed 3072K, reserved 1048576K
}
Event: 1.613 GC heap after
{Heap after GC invocations=4 (full 0):
 garbage-first heap   total 251904K, used 7411K [0x000000070a000000, 0x0000000800000000)
  region size 1024K, 3 young (3072K), 3 survivors (3072K)
 Metaspace       used 25412K, capacity 26086K, committed 26288K, reserved 1073152K
  class space    used 2807K, capacity 3046K, committed 3072K, reserved 1048576K
}
Event: 2.983 GC heap before
{Heap before GC invocations=4 (full 0):
 garbage-first heap   total 251904K, used 66803K [0x000000070a000000, 0x0000000800000000)
  region size 1024K, 62 young (63488K), 3 survivors (3072K)
 Metaspace       used 34894K, capacity 35770K, committed 35920K, reserved 1081344K
  class space    used 3929K, capacity 4291K, committed 4352K, reserved 1048576K
}
Event: 2.993 GC heap after
{Heap after GC invocations=5 (full 0):
 garbage-first heap   total 251904K, used 10646K [0x000000070a000000, 0x0000000800000000)
  region size 1024K, 6 young (6144K), 6 survivors (6144K)
 Metaspace       used 34894K, capacity 35770K, committed 35920K, reserved 1081344K
  class space    used 3929K, capacity 4291K, committed 4352K, reserved 1048576K
}

