# JRE version: OpenJDK Runtime Environment (11.0.15.1+2) (build 11.0.15.1+2-LTS)
# Java VM: OpenJDK 64-Bit Server VM (11.0.15.1+2-LTS, mixed mode, tiered, compressed oops, g1 gc, windows-amd64)
Heap:
 garbage-first heap   total 251904K, used 119517K [0x000000070a000000, 0x0000000800000000)
  region size 1024K, 115 young (117760K), 7 survivors (7168K)
 Metaspace       used 53246K, capacity 55189K, committed 55344K, reserved 1097728K
  class space    used 6658K, capacity 7471K, committed 7552K, reserved 1048576K
GC Heap History (8 events):
Event: 0.896 GC heap before
{Heap before GC invocations=0 (full 0):
 garbage-first heap   total 251904K, used 23552K [0x000000070a000000, 0x0000000800000000)
  region size 1024K, 24 young (24576K), 0 survivors (0K)
 Metaspace       used 12518K, capacity 12780K, committed 12928K, reserved 1060864K
  class space    used 1235K, capacity 1305K, committed 1408K, reserved 1048576K
}
Event: 0.900 GC heap after
{Heap after GC invocations=1 (full 0):
 garbage-first heap   total 251904K, used 4750K [0x000000070a000000, 0x0000000800000000)
  region size 1024K, 3 young (3072K), 3 survivors (3072K)
 Metaspace       used 12518K, capacity 12780K, committed 12928K, reserved 1060864K
  class space    used 1235K, capacity 1305K, committed 1408K, reserved 1048576K
}
Event: 1.698 GC heap before
{Heap before GC invocations=1 (full 0):
 garbage-first heap   total 251904K, used 40590K [0x000000070a000000, 0x0000000800000000)
  region size 1024K, 39 young (39936K), 3 survivors (3072K)
 Metaspace       used 20770K, capacity 21212K, committed 21296K, reserved 1069056K
  class space    used 2221K, capacity 2425K, committed 2432K, reserved 1048576K
}
Event: 1.704 GC heap after
{Heap after GC invocations=2 (full 0):
 garbage-first heap   total 251904K, used 6445K [0x000000070a000000, 0x0000000800000000)
  region size 1024K, 5 young (5120K), 5 survivors (5120K)
 Metaspace       used 20770K, capacity 21212K, committed 21296K, reserved 1069056K
  class space    used 2221K, capacity 2425K, committed 2432K, reserved 1048576K
}
Event: 2.667 GC heap before
{Heap before GC invocations=3 (full 0):
 garbage-first heap   total 251904K, used 50477K [0x000000070a000000, 0x0000000800000000)
  region size 1024K, 49 young (50176K), 5 survivors (5120K)
 Metaspace       used 26210K, capacity 26843K, committed 26928K, reserved 1073152K
  class space    used 2891K, capacity 3124K, committed 3200K, reserved 1048576K
}
Event: 2.673 GC heap after
{Heap after GC invocations=4 (full 0):
 garbage-first heap   total 251904K, used 8155K [0x000000070a000000, 0x0000000800000000)
  region size 1024K, 4 young (4096K), 4 survivors (4096K)
 Metaspace       used 26210K, capacity 26843K, committed 26928K, reserved 1073152K
  class space    used 2891K, capacity 3124K, committed 3200K, reserved 1048576K
}
Event: 3.925 GC heap before
{Heap before GC invocations=4 (full 0):
 garbage-first heap   total 251904K, used 60379K [0x000000070a000000, 0x0000000800000000)
  region size 1024K, 56 young (57344K), 4 survivors (4096K)
 Metaspace       used 34890K, capacity 35826K, committed 35888K, reserved 1081344K
  class space    used 4127K, capacity 4456K, committed 4480K, reserved 1048576K
}
Event: 3.932 GC heap after
{Heap after GC invocations=5 (full 0):
 garbage-first heap   total 251904K, used 10973K [0x000000070a000000, 0x0000000800000000)
  region size 1024K, 7 young (7168K), 7 survivors (7168K)
 Metaspace       used 34890K, capacity 35826K, committed 35888K, reserved 1081344K
  class space    used 4127K, capacity 4456K, committed 4480K, reserved 1048576K
}

