# JRE version: OpenJDK Runtime Environment (11.0.15.1+2) (build 11.0.15.1+2-LTS)
# Java VM: OpenJDK 64-Bit Server VM (11.0.15.1+2-LTS, mixed mode, tiered, compressed oops, g1 gc, windows-amd64)
Heap:
 garbage-first heap   total 303104K, used 18491K [0x000000070a000000, 0x0000000800000000)
  region size 1024K, 15 young (15360K), 6 survivors (6144K)
 Metaspace       used 36171K, capacity 37114K, committed 37248K, reserved 1081344K
  class space    used 4198K, capacity 4596K, committed 4608K, reserved 1048576K
GC Heap History (10 events):
Event: 0.749 GC heap before
{Heap before GC invocations=0 (full 0):
 garbage-first heap   total 251904K, used 23552K [0x000000070a000000, 0x0000000800000000)
  region size 1024K, 24 young (24576K), 0 survivors (0K)
 Metaspace       used 14147K, capacity 14446K, committed 14592K, reserved 1062912K
  class space    used 1400K, capacity 1481K, committed 1536K, reserved 1048576K
}
Event: 0.754 GC heap after
{Heap after GC invocations=1 (full 0):
 garbage-first heap   total 251904K, used 4624K [0x000000070a000000, 0x0000000800000000)
  region size 1024K, 3 young (3072K), 3 survivors (3072K)
 Metaspace       used 14147K, capacity 14446K, committed 14592K, reserved 1062912K
  class space    used 1400K, capacity 1481K, committed 1536K, reserved 1048576K
}
Event: 1.238 GC heap before
{Heap before GC invocations=1 (full 0):
 garbage-first heap   total 251904K, used 34320K [0x000000070a000000, 0x0000000800000000)
  region size 1024K, 33 young (33792K), 3 survivors (3072K)
 Metaspace       used 20665K, capacity 21144K, committed 21248K, reserved 1069056K
  class space    used 2321K, capacity 2500K, committed 2560K, reserved 1048576K
}
Event: 1.245 GC heap after
{Heap after GC invocations=2 (full 0):
 garbage-first heap   total 251904K, used 6058K [0x000000070a000000, 0x0000000800000000)
  region size 1024K, 5 young (5120K), 5 survivors (5120K)
 Metaspace       used 20665K, capacity 21144K, committed 21248K, reserved 1069056K
  class space    used 2321K, capacity 2500K, committed 2560K, reserved 1048576K
}
Event: 1.497 GC heap before
{Heap before GC invocations=3 (full 0):
 garbage-first heap   total 251904K, used 27562K [0x000000070a000000, 0x0000000800000000)
  region size 1024K, 27 young (27648K), 5 survivors (5120K)
 Metaspace       used 24532K, capacity 25227K, committed 25344K, reserved 1071104K
  class space    used 2804K, capacity 3052K, committed 3072K, reserved 1048576K
}
Event: 1.502 GC heap after
{Heap after GC invocations=4 (full 0):
 garbage-first heap   total 251904K, used 7445K [0x000000070a000000, 0x0000000800000000)
  region size 1024K, 3 young (3072K), 3 survivors (3072K)
 Metaspace       used 24532K, capacity 25227K, committed 25344K, reserved 1071104K
  class space    used 2804K, capacity 3052K, committed 3072K, reserved 1048576K
}
Event: 2.609 GC heap before
{Heap before GC invocations=4 (full 0):
 garbage-first heap   total 251904K, used 61717K [0x000000070a000000, 0x0000000800000000)
  region size 1024K, 57 young (58368K), 3 survivors (3072K)
 Metaspace       used 33343K, capacity 34191K, committed 34304K, reserved 1079296K
  class space    used 3896K, capacity 4239K, committed 4352K, reserved 1048576K
}
Event: 2.615 GC heap after
{Heap after GC invocations=5 (full 0):
 garbage-first heap   total 251904K, used 9799K [0x000000070a000000, 0x0000000800000000)
  region size 1024K, 6 young (6144K), 6 survivors (6144K)
 Metaspace       used 33343K, capacity 34191K, committed 34304K, reserved 1079296K
  class space    used 3896K, capacity 4239K, committed 4352K, reserved 1048576K
}
Event: 2.739 GC heap before
{Heap before GC invocations=5 (full 0):
 garbage-first heap   total 251904K, used 16967K [0x000000070a000000, 0x0000000800000000)
  region size 1024K, 14 young (14336K), 6 survivors (6144K)
 Metaspace       used 34792K, capacity 35694K, committed 35840K, reserved 1081344K
  class space    used 4034K, capacity 4377K, committed 4480K, reserved 1048576K
}
Event: 2.748 GC heap after
{Heap after GC invocations=6 (full 0):
 garbage-first heap   total 303104K, used 10299K [0x000000070a000000, 0x0000000800000000)
  region size 1024K, 6 young (6144K), 6 survivors (6144K)
 Metaspace       used 34792K, capacity 35694K, committed 35840K, reserved 1081344K
  class space    used 4034K, capacity 4377K, committed 4480K, reserved 1048576K
}

