# JRE version: OpenJDK Runtime Environment (11.0.15.1+2) (build 11.0.15.1+2-LTS)
# Java VM: OpenJDK 64-Bit Server VM (11.0.15.1+2-LTS, mixed mode, tiered, compressed oops, g1 gc, windows-amd64)
Heap:
 garbage-first heap   total 320512K, used 109167K [0x000000070a000000, 0x0000000800000000)
  region size 1024K, 2 young (2048K), 2 survivors (2048K)
 Metaspace       used 55122K, capacity 57148K, committed 57392K, reserved 1099776K
  class space    used 6849K, capacity 7692K, committed 7808K, reserved 1048576K
GC Heap History (15 events):
Event: 0.831 GC heap before
{Heap before GC invocations=0 (full 0):
 garbage-first heap   total 251904K, used 23552K [0x000000070a000000, 0x0000000800000000)
  region size 1024K, 24 young (24576K), 0 survivors (0K)
 Metaspace       used 12420K, capacity 12713K, committed 12928K, reserved 1060864K
  class space    used 1220K, capacity 1304K, committed 1408K, reserved 1048576K
}
Event: 0.835 GC heap after
{Heap after GC invocations=1 (full 0):
 garbage-first heap   total 251904K, used 4755K [0x000000070a000000, 0x0000000800000000)
  region size 1024K, 3 young (3072K), 3 survivors (3072K)
 Metaspace       used 12420K, capacity 12713K, committed 12928K, reserved 1060864K
  class space    used 1220K, capacity 1304K, committed 1408K, reserved 1048576K
}
Event: 1.964 GC heap before
{Heap before GC invocations=1 (full 0):
 garbage-first heap   total 251904K, used 41619K [0x000000070a000000, 0x0000000800000000)
  region size 1024K, 40 young (40960K), 3 survivors (3072K)
 Metaspace       used 20624K, capacity 21137K, committed 21296K, reserved 1069056K
  class space    used 2219K, capacity 2402K, committed 2432K, reserved 1048576K
}
Event: 1.970 GC heap after
{Heap after GC invocations=2 (full 0):
 garbage-first heap   total 251904K, used 6479K [0x000000070a000000, 0x0000000800000000)
  region size 1024K, 5 young (5120K), 5 survivors (5120K)
 Metaspace       used 20624K, capacity 21137K, committed 21296K, reserved 1069056K
  class space    used 2219K, capacity 2402K, committed 2432K, reserved 1048576K
}
Event: 3.345 GC heap before
{Heap before GC invocations=3 (full 0):
 garbage-first heap   total 251904K, used 46415K [0x000000070a000000, 0x0000000800000000)
  region size 1024K, 45 young (46080K), 5 survivors (5120K)
 Metaspace       used 25850K, capacity 26447K, committed 26672K, reserved 1073152K
  class space    used 2855K, capacity 3086K, committed 3200K, reserved 1048576K
}
Event: 3.384 GC heap after
{Heap after GC invocations=4 (full 0):
 garbage-first heap   total 251904K, used 8399K [0x000000070a000000, 0x0000000800000000)
  region size 1024K, 4 young (4096K), 4 survivors (4096K)
 Metaspace       used 25850K, capacity 26447K, committed 26672K, reserved 1073152K
  class space    used 2855K, capacity 3086K, committed 3200K, reserved 1048576K
}
Event: 5.622 GC heap before
{Heap before GC invocations=4 (full 0):
 garbage-first heap   total 251904K, used 63695K [0x000000070a000000, 0x0000000800000000)
  region size 1024K, 59 young (60416K), 4 survivors (4096K)
 Metaspace       used 34653K, capacity 35576K, committed 35632K, reserved 1081344K
  class space    used 4104K, capacity 4459K, committed 4480K, reserved 1048576K
}
Event: 5.661 GC heap after
{Heap after GC invocations=5 (full 0):
 garbage-first heap   total 251904K, used 10950K [0x000000070a000000, 0x0000000800000000)
  region size 1024K, 7 young (7168K), 7 survivors (7168K)
 Metaspace       used 34653K, capacity 35576K, committed 35632K, reserved 1081344K
  class space    used 4104K, capacity 4459K, committed 4480K, reserved 1048576K
}
Event: 10.591 GC heap before
{Heap before GC invocations=6 (full 0):
 garbage-first heap   total 251904K, used 111302K [0x000000070a000000, 0x0000000800000000)
  region size 1024K, 105 young (107520K), 7 survivors (7168K)
 Metaspace       used 51740K, capacity 53520K, committed 53808K, reserved 1095680K
  class space    used 6407K, capacity 7171K, committed 7296K, reserved 1048576K
}
Event: 10.605 GC heap after
{Heap after GC invocations=7 (full 0):
 garbage-first heap   total 251904K, used 17403K [0x000000070a000000, 0x0000000800000000)
  region size 1024K, 13 young (13312K), 13 survivors (13312K)
 Metaspace       used 51740K, capacity 53520K, committed 53808K, reserved 1095680K
  class space    used 6407K, capacity 7171K, committed 7296K, reserved 1048576K
}
Event: 11.723 GC heap before
{Heap before GC invocations=7 (full 0):
 garbage-first heap   total 251904K, used 118779K [0x000000070a000000, 0x0000000800000000)
  region size 1024K, 39 young (39936K), 13 survivors (13312K)
 Metaspace       used 55041K, capacity 57070K, committed 57392K, reserved 1099776K
  class space    used 6842K, capacity 7690K, committed 7808K, reserved 1048576K
}
Event: 11.778 GC heap after
{Heap after GC invocations=8 (full 0):
 garbage-first heap   total 251904K, used 94069K [0x000000070a000000, 0x0000000800000000)
  region size 1024K, 11 young (11264K), 11 survivors (11264K)
 Metaspace       used 55041K, capacity 57070K, committed 57392K, reserved 1099776K
  class space    used 6842K, capacity 7690K, committed 7808K, reserved 1048576K
}
Event: 11.880 GC heap before
{Heap before GC invocations=9 (full 0):
 garbage-first heap   total 251904K, used 80757K [0x000000070a000000, 0x0000000800000000)
  region size 1024K, 13 young (13312K), 11 survivors (11264K)
 Metaspace       used 55056K, capacity 57074K, committed 57392K, reserved 1099776K
  class space    used 6842K, capacity 7690K, committed 7808K, reserved 1048576K
}
Event: 11.896 GC heap after
{Heap after GC invocations=10 (full 0):
 garbage-first heap   total 251904K, used 80515K [0x000000070a000000, 0x0000000800000000)
  region size 1024K, 3 young (3072K), 3 survivors (3072K)
 Metaspace       used 55056K, capacity 57074K, committed 57392K, reserved 1099776K
  class space    used 6842K, capacity 7690K, committed 7808K, reserved 1048576K
}
Event: 12.123 GC heap before
{Heap before GC invocations=11 (full 0):
 garbage-first heap   total 251904K, used 113283K [0x000000070a000000, 0x0000000800000000)
  region size 1024K, 7 young (7168K), 3 survivors (3072K)
 Metaspace       used 55122K, capacity 57148K, committed 57392K, reserved 1099776K
  class space    used 6849K, capacity 7692K, committed 7808K, reserved 1048576K
}

