# JRE version: OpenJDK Runtime Environment (11.0.15.1+2) (build 11.0.15.1+2-LTS)
# Java VM: OpenJDK 64-Bit Server VM (11.0.15.1+2-LTS, mixed mode, tiered, compressed oops, g1 gc, windows-amd64)
Heap:
 garbage-first heap   total 262144K, used 95432K [0x00000000e0000000, 0x0000000100000000)
  region size 1024K, 78 young (79872K), 13 survivors (13312K)
 Metaspace       used 50334K, capacity 51735K, committed 51920K, reserved 299008K
  class space    used 6432K, capacity 6955K, committed 7040K, reserved 253952K
GC Heap History (10 events):
Event: 0.724 GC heap before
{Heap before GC invocations=0 (full 0):
 garbage-first heap   total 262144K, used 29696K [0x00000000e0000000, 0x0000000100000000)
  region size 1024K, 24 young (24576K), 0 survivors (0K)
 Metaspace       used 10171K, capacity 10460K, committed 10624K, reserved 264192K
  class space    used 1026K, capacity 1105K, committed 1152K, reserved 253952K
}
Event: 0.728 GC heap after
{Heap after GC invocations=1 (full 0):
 garbage-first heap   total 262144K, used 9246K [0x00000000e0000000, 0x0000000100000000)
  region size 1024K, 3 young (3072K), 3 survivors (3072K)
 Metaspace       used 10171K, capacity 10460K, committed 10624K, reserved 264192K
  class space    used 1026K, capacity 1105K, committed 1152K, reserved 253952K
}
Event: 2.400 GC heap before
{Heap before GC invocations=1 (full 0):
 garbage-first heap   total 262144K, used 106526K [0x00000000e0000000, 0x0000000100000000)
  region size 1024K, 98 young (100352K), 3 survivors (3072K)
 Metaspace       used 20736K, capacity 21150K, committed 21296K, reserved 274432K
  class space    used 2491K, capacity 2647K, committed 2688K, reserved 253952K
}
Event: 2.409 GC heap after
{Heap after GC invocations=2 (full 0):
 garbage-first heap   total 262144K, used 16876K [0x00000000e0000000, 0x0000000100000000)
  region size 1024K, 11 young (11264K), 11 survivors (11264K)
 Metaspace       used 20736K, capacity 21150K, committed 21296K, reserved 274432K
  class space    used 2491K, capacity 2647K, committed 2688K, reserved 253952K
}
Event: 2.770 GC heap before
{Heap before GC invocations=3 (full 0):
 garbage-first heap   total 262144K, used 54764K [0x00000000e0000000, 0x0000000100000000)
  region size 1024K, 49 young (50176K), 11 survivors (11264K)
 Metaspace       used 24569K, capacity 25162K, committed 25264K, reserved 276480K
  class space    used 3091K, capacity 3286K, committed 3328K, reserved 253952K
}
Event: 2.777 GC heap after
{Heap after GC invocations=4 (full 0):
 garbage-first heap   total 262144K, used 18572K [0x00000000e0000000, 0x0000000100000000)
  region size 1024K, 2 young (2048K), 2 survivors (2048K)
 Metaspace       used 24569K, capacity 25162K, committed 25264K, reserved 276480K
  class space    used 3091K, capacity 3286K, committed 3328K, reserved 253952K
}
Event: 3.843 GC heap before
{Heap before GC invocations=4 (full 0):
 garbage-first heap   total 262144K, used 99468K [0x00000000e0000000, 0x0000000100000000)
  region size 1024K, 82 young (83968K), 2 survivors (2048K)
 Metaspace       used 34991K, capacity 35774K, committed 35920K, reserved 286720K
  class space    used 4462K, capacity 4806K, committed 4864K, reserved 253952K
}
Event: 3.852 GC heap after
{Heap after GC invocations=5 (full 0):
 garbage-first heap   total 262144K, used 22252K [0x00000000e0000000, 0x0000000100000000)
  region size 1024K, 6 young (6144K), 6 survivors (6144K)
 Metaspace       used 34991K, capacity 35774K, committed 35920K, reserved 286720K
  class space    used 4462K, capacity 4806K, committed 4864K, reserved 253952K
}
Event: 5.142 GC heap before
{Heap before GC invocations=6 (full 0):
 garbage-first heap   total 262144K, used 137964K [0x00000000e0000000, 0x0000000100000000)
  region size 1024K, 116 young (118784K), 6 survivors (6144K)
 Metaspace       used 44858K, capacity 46017K, committed 46160K, reserved 294912K
  class space    used 5703K, capacity 6096K, committed 6144K, reserved 253952K
}
Event: 5.162 GC heap after
{Heap after GC invocations=7 (full 0):
 garbage-first heap   total 262144K, used 29896K [0x00000000e0000000, 0x0000000100000000)
  region size 1024K, 13 young (13312K), 13 survivors (13312K)
 Metaspace       used 44858K, capacity 46017K, committed 46160K, reserved 294912K
  class space    used 5703K, capacity 6096K, committed 6144K, reserved 253952K
}

