# JRE version: OpenJDK Runtime Environment (11.0.15.1+2) (build 11.0.15.1+2-LTS)
# Java VM: OpenJDK 64-Bit Server VM (11.0.15.1+2-LTS, mixed mode, tiered, compressed oops, g1 gc, windows-amd64)
Heap:
 garbage-first heap   total 262144K, used 94756K [0x00000000e0000000, 0x0000000100000000)
  region size 1024K, 76 young (77824K), 6 survivors (6144K)
 Metaspace       used 42066K, capacity 43088K, committed 43216K, reserved 292864K
  class space    used 5265K, capacity 5640K, committed 5760K, reserved 253952K
GC Heap History (8 events):
Event: 0.694 GC heap before
{Heap before GC invocations=0 (full 0):
 garbage-first heap   total 262144K, used 29696K [0x00000000e0000000, 0x0000000100000000)
  region size 1024K, 24 young (24576K), 0 survivors (0K)
 Metaspace       used 10169K, capacity 10460K, committed 10624K, reserved 264192K
  class space    used 1026K, capacity 1105K, committed 1152K, reserved 253952K
}
Event: 0.699 GC heap after
{Heap after GC invocations=1 (full 0):
 garbage-first heap   total 262144K, used 9263K [0x00000000e0000000, 0x0000000100000000)
  region size 1024K, 3 young (3072K), 3 survivors (3072K)
 Metaspace       used 10169K, capacity 10460K, committed 10624K, reserved 264192K
  class space    used 1026K, capacity 1105K, committed 1152K, reserved 253952K
}
Event: 2.417 GC heap before
{Heap before GC invocations=1 (full 0):
 garbage-first heap   total 262144K, used 106543K [0x00000000e0000000, 0x0000000100000000)
  region size 1024K, 98 young (100352K), 3 survivors (3072K)
 Metaspace       used 20752K, capacity 21150K, committed 21296K, reserved 274432K
  class space    used 2492K, capacity 2647K, committed 2688K, reserved 253952K
}
Event: 2.426 GC heap after
{Heap after GC invocations=2 (full 0):
 garbage-first heap   total 262144K, used 16711K [0x00000000e0000000, 0x0000000100000000)
  region size 1024K, 11 young (11264K), 11 survivors (11264K)
 Metaspace       used 20752K, capacity 21150K, committed 21296K, reserved 274432K
  class space    used 2492K, capacity 2647K, committed 2688K, reserved 253952K
}
Event: 2.675 GC heap before
{Heap before GC invocations=3 (full 0):
 garbage-first heap   total 262144K, used 40263K [0x00000000e0000000, 0x0000000100000000)
  region size 1024K, 35 young (35840K), 11 survivors (11264K)
 Metaspace       used 22900K, capacity 23439K, committed 23728K, reserved 276480K
  class space    used 2866K, capacity 3033K, committed 3072K, reserved 253952K
}
Event: 2.681 GC heap after
{Heap after GC invocations=4 (full 0):
 garbage-first heap   total 262144K, used 17849K [0x00000000e0000000, 0x0000000100000000)
  region size 1024K, 2 young (2048K), 2 survivors (2048K)
 Metaspace       used 22900K, capacity 23439K, committed 23728K, reserved 276480K
  class space    used 2866K, capacity 3033K, committed 3072K, reserved 253952K
}
Event: 3.923 GC heap before
{Heap before GC invocations=4 (full 0):
 garbage-first heap   total 262144K, used 113081K [0x00000000e0000000, 0x0000000100000000)
  region size 1024K, 96 young (98304K), 2 survivors (2048K)
 Metaspace       used 35000K, capacity 35774K, committed 35920K, reserved 286720K
  class space    used 4459K, capacity 4806K, committed 4864K, reserved 253952K
}
Event: 3.933 GC heap after
{Heap after GC invocations=5 (full 0):
 garbage-first heap   total 262144K, used 22052K [0x00000000e0000000, 0x0000000100000000)
  region size 1024K, 6 young (6144K), 6 survivors (6144K)
 Metaspace       used 35000K, capacity 35774K, committed 35920K, reserved 286720K
  class space    used 4459K, capacity 4806K, committed 4864K, reserved 253952K
}

