# JRE version: OpenJDK Runtime Environment (11.0.15.1+2) (build 11.0.15.1+2-LTS)
# Java VM: OpenJDK 64-Bit Server VM (11.0.15.1+2-LTS, mixed mode, tiered, compressed oops, g1 gc, windows-amd64)
Heap:
 garbage-first heap   total 262144K, used 34486K [0x00000000e0000000, 0x0000000100000000)
  region size 1024K, 19 young (19456K), 2 survivors (2048K)
 Metaspace       used 25762K, capacity 26391K, committed 26544K, reserved 278528K
  class space    used 3278K, capacity 3485K, committed 3584K, reserved 253952K
GC Heap History (6 events):
Event: 0.772 GC heap before
{Heap before GC invocations=0 (full 0):
 garbage-first heap   total 262144K, used 29696K [0x00000000e0000000, 0x0000000100000000)
  region size 1024K, 24 young (24576K), 0 survivors (0K)
 Metaspace       used 10171K, capacity 10456K, committed 10624K, reserved 264192K
  class space    used 1026K, capacity 1105K, committed 1152K, reserved 253952K
}
Event: 0.776 GC heap after
{Heap after GC invocations=1 (full 0):
 garbage-first heap   total 262144K, used 9135K [0x00000000e0000000, 0x0000000100000000)
  region size 1024K, 3 young (3072K), 3 survivors (3072K)
 Metaspace       used 10171K, capacity 10456K, committed 10624K, reserved 264192K
  class space    used 1026K, capacity 1105K, committed 1152K, reserved 253952K
}
Event: 2.549 GC heap before
{Heap before GC invocations=1 (full 0):
 garbage-first heap   total 262144K, used 106415K [0x00000000e0000000, 0x0000000100000000)
  region size 1024K, 98 young (100352K), 3 survivors (3072K)
 Metaspace       used 20753K, capacity 21146K, committed 21296K, reserved 274432K
  class space    used 2496K, capacity 2647K, committed 2688K, reserved 253952K
}
Event: 2.558 GC heap after
{Heap after GC invocations=2 (full 0):
 garbage-first heap   total 262144K, used 16955K [0x00000000e0000000, 0x0000000100000000)
  region size 1024K, 11 young (11264K), 11 survivors (11264K)
 Metaspace       used 20753K, capacity 21146K, committed 21296K, reserved 274432K
  class space    used 2496K, capacity 2647K, committed 2688K, reserved 253952K
}
Event: 2.897 GC heap before
{Heap before GC invocations=3 (full 0):
 garbage-first heap   total 262144K, used 47675K [0x00000000e0000000, 0x0000000100000000)
  region size 1024K, 42 young (43008K), 11 survivors (11264K)
 Metaspace       used 24140K, capacity 24772K, committed 25008K, reserved 276480K
  class space    used 3015K, capacity 3221K, committed 3328K, reserved 253952K
}
Event: 2.903 GC heap after
{Heap after GC invocations=4 (full 0):
 garbage-first heap   total 262144K, used 18102K [0x00000000e0000000, 0x0000000100000000)
  region size 1024K, 2 young (2048K), 2 survivors (2048K)
 Metaspace       used 24140K, capacity 24772K, committed 25008K, reserved 276480K
  class space    used 3015K, capacity 3221K, committed 3328K, reserved 253952K
}

