# JRE version: OpenJDK Runtime Environment (11.0.15.1+2) (build 11.0.15.1+2-LTS)
# Java VM: OpenJDK 64-Bit Server VM (11.0.15.1+2-LTS, mixed mode, tiered, compressed oops, g1 gc, windows-amd64)
Heap:
 garbage-first heap   total 262144K, used 133427K [0x00000000e0000000, 0x0000000100000000)
  region size 1024K, 115 young (117760K), 13 survivors (13312K)
 Metaspace       used 52993K, capacity 54590K, committed 54864K, reserved 303104K
  class space    used 6795K, capacity 7371K, committed 7424K, reserved 253952K
GC Heap History (12 events):
Event: 0.690 GC heap before
{Heap before GC invocations=0 (full 0):
 garbage-first heap   total 262144K, used 29696K [0x00000000e0000000, 0x0000000100000000)
  region size 1024K, 24 young (24576K), 0 survivors (0K)
 Metaspace       used 10163K, capacity 10452K, committed 10624K, reserved 264192K
  class space    used 1027K, capacity 1105K, committed 1152K, reserved 253952K
}
Event: 0.694 GC heap after
{Heap after GC invocations=1 (full 0):
 garbage-first heap   total 262144K, used 9154K [0x00000000e0000000, 0x0000000100000000)
  region size 1024K, 3 young (3072K), 3 survivors (3072K)
 Metaspace       used 10163K, capacity 10452K, committed 10624K, reserved 264192K
  class space    used 1027K, capacity 1105K, committed 1152K, reserved 253952K
}
Event: 2.426 GC heap before
{Heap before GC invocations=1 (full 0):
 garbage-first heap   total 262144K, used 107458K [0x00000000e0000000, 0x0000000100000000)
  region size 1024K, 99 young (101376K), 3 survivors (3072K)
 Metaspace       used 20816K, capacity 21206K, committed 21296K, reserved 274432K
  class space    used 2498K, capacity 2647K, committed 2688K, reserved 253952K
}
Event: 2.437 GC heap after
{Heap after GC invocations=2 (full 0):
 garbage-first heap   total 262144K, used 17129K [0x00000000e0000000, 0x0000000100000000)
  region size 1024K, 11 young (11264K), 11 survivors (11264K)
 Metaspace       used 20816K, capacity 21206K, committed 21296K, reserved 274432K
  class space    used 2498K, capacity 2647K, committed 2688K, reserved 253952K
}
Event: 2.564 GC heap before
{Heap before GC invocations=3 (full 0):
 garbage-first heap   total 262144K, used 26345K [0x00000000e0000000, 0x0000000100000000)
  region size 1024K, 20 young (20480K), 11 survivors (11264K)
 Metaspace       used 22014K, capacity 22554K, committed 22832K, reserved 274432K
  class space    used 2706K, capacity 2867K, committed 2944K, reserved 253952K
}
Event: 2.570 GC heap after
{Heap after GC invocations=4 (full 0):
 garbage-first heap   total 262144K, used 17679K [0x00000000e0000000, 0x0000000100000000)
  region size 1024K, 1 young (1024K), 1 survivors (1024K)
 Metaspace       used 22014K, capacity 22554K, committed 22832K, reserved 274432K
  class space    used 2706K, capacity 2867K, committed 2944K, reserved 253952K
}
Event: 3.435 GC heap before
{Heap before GC invocations=4 (full 0):
 garbage-first heap   total 262144K, used 88335K [0x00000000e0000000, 0x0000000100000000)
  region size 1024K, 70 young (71680K), 1 survivors (1024K)
 Metaspace       used 28740K, capacity 29404K, committed 29488K, reserved 280576K
  class space    used 3720K, capacity 3962K, committed 3968K, reserved 253952K
}
Event: 3.438 GC heap after
{Heap after GC invocations=5 (full 0):
 garbage-first heap   total 262144K, used 19767K [0x00000000e0000000, 0x0000000100000000)
  region size 1024K, 3 young (3072K), 3 survivors (3072K)
 Metaspace       used 28740K, capacity 29404K, committed 29488K, reserved 280576K
  class space    used 3720K, capacity 3962K, committed 3968K, reserved 253952K
}
Event: 4.022 GC heap before
{Heap before GC invocations=5 (full 0):
 garbage-first heap   total 262144K, used 58679K [0x00000000e0000000, 0x0000000100000000)
  region size 1024K, 42 young (43008K), 3 survivors (3072K)
 Metaspace       used 35057K, capacity 35830K, committed 35920K, reserved 286720K
  class space    used 4471K, capacity 4806K, committed 4864K, reserved 253952K
}
Event: 4.030 GC heap after
{Heap after GC invocations=6 (full 0):
 garbage-first heap   total 262144K, used 22306K [0x00000000e0000000, 0x0000000100000000)
  region size 1024K, 6 young (6144K), 6 survivors (6144K)
 Metaspace       used 35057K, capacity 35830K, committed 35920K, reserved 286720K
  class space    used 4471K, capacity 4806K, committed 4864K, reserved 253952K
}
Event: 5.357 GC heap before
{Heap before GC invocations=7 (full 0):
 garbage-first heap   total 262144K, used 133922K [0x00000000e0000000, 0x0000000100000000)
  region size 1024K, 112 young (114688K), 6 survivors (6144K)
 Metaspace       used 44367K, capacity 45456K, committed 45520K, reserved 294912K
  class space    used 5618K, capacity 5997K, committed 6016K, reserved 253952K
}
Event: 5.366 GC heap after
{Heap after GC invocations=8 (full 0):
 garbage-first heap   total 262144K, used 30003K [0x00000000e0000000, 0x0000000100000000)
  region size 1024K, 13 young (13312K), 13 survivors (13312K)
 Metaspace       used 44367K, capacity 45456K, committed 45520K, reserved 294912K
  class space    used 5618K, capacity 5997K, committed 6016K, reserved 253952K
}

