# JRE version: OpenJDK Runtime Environment (11.0.15.1+2) (build 11.0.15.1+2-LTS)
# Java VM: OpenJDK 64-Bit Server VM (11.0.15.1+2-LTS, mixed mode, tiered, compressed oops, g1 gc, windows-amd64)
Heap:
 garbage-first heap   total 262144K, used 180020K [0x00000000e0000000, 0x0000000100000000)
  region size 1024K, 149 young (152576K), 13 survivors (13312K)
 Metaspace       used 60816K, capacity 62953K, committed 63056K, reserved 309248K
  class space    used 7886K, capacity 8661K, committed 8704K, reserved 253952K
GC Heap History (16 events):
Event: 1.307 GC heap before
{Heap before GC invocations=0 (full 0):
 garbage-first heap   total 262144K, used 29696K [0x00000000e0000000, 0x0000000100000000)
  region size 1024K, 24 young (24576K), 0 survivors (0K)
 Metaspace       used 10114K, capacity 10400K, committed 10624K, reserved 264192K
  class space    used 1028K, capacity 1105K, committed 1152K, reserved 253952K
}
Event: 1.325 GC heap after
{Heap after GC invocations=1 (full 0):
 garbage-first heap   total 262144K, used 9755K [0x00000000e0000000, 0x0000000100000000)
  region size 1024K, 3 young (3072K), 3 survivors (3072K)
 Metaspace       used 10114K, capacity 10400K, committed 10624K, reserved 264192K
  class space    used 1028K, capacity 1105K, committed 1152K, reserved 253952K
}
Event: 4.575 GC heap before
{Heap before GC invocations=1 (full 0):
 garbage-first heap   total 262144K, used 75291K [0x00000000e0000000, 0x0000000100000000)
  region size 1024K, 67 young (68608K), 3 survivors (3072K)
 Metaspace       used 17342K, capacity 17791K, committed 18048K, reserved 270336K
  class space    used 1982K, capacity 2102K, committed 2176K, reserved 253952K
}
Event: 4.615 GC heap after
{Heap after GC invocations=2 (full 0):
 garbage-first heap   total 262144K, used 16240K [0x00000000e0000000, 0x0000000100000000)
  region size 1024K, 9 young (9216K), 9 survivors (9216K)
 Metaspace       used 17342K, capacity 17791K, committed 18048K, reserved 270336K
  class space    used 1982K, capacity 2102K, committed 2176K, reserved 253952K
}
Event: 5.391 GC heap before
{Heap before GC invocations=2 (full 0):
 garbage-first heap   total 262144K, used 49008K [0x00000000e0000000, 0x0000000100000000)
  region size 1024K, 42 young (43008K), 9 survivors (9216K)
 Metaspace       used 20767K, capacity 21192K, committed 21296K, reserved 274432K
  class space    used 2516K, capacity 2684K, committed 2688K, reserved 253952K
}
Event: 5.401 GC heap after
{Heap after GC invocations=3 (full 0):
 garbage-first heap   total 262144K, used 18044K [0x00000000e0000000, 0x0000000100000000)
  region size 1024K, 2 young (2048K), 2 survivors (2048K)
 Metaspace       used 20767K, capacity 21192K, committed 21296K, reserved 274432K
  class space    used 2516K, capacity 2684K, committed 2688K, reserved 253952K
}
Event: 6.607 GC heap before
{Heap before GC invocations=4 (full 0):
 garbage-first heap   total 262144K, used 86652K [0x00000000e0000000, 0x0000000100000000)
  region size 1024K, 69 young (70656K), 2 survivors (2048K)
 Metaspace       used 27527K, capacity 28244K, committed 28336K, reserved 278528K
  class space    used 3589K, capacity 3835K, committed 3840K, reserved 253952K
}
Event: 6.614 GC heap after
{Heap after GC invocations=5 (full 0):
 garbage-first heap   total 262144K, used 20041K [0x00000000e0000000, 0x0000000100000000)
  region size 1024K, 4 young (4096K), 4 survivors (4096K)
 Metaspace       used 27527K, capacity 28244K, committed 28336K, reserved 278528K
  class space    used 3589K, capacity 3835K, committed 3840K, reserved 253952K
}
Event: 7.615 GC heap before
{Heap before GC invocations=5 (full 0):
 garbage-first heap   total 262144K, used 75337K [0x00000000e0000000, 0x0000000100000000)
  region size 1024K, 60 young (61440K), 4 survivors (4096K)
 Metaspace       used 34952K, capacity 35834K, committed 35920K, reserved 286720K
  class space    used 4553K, capacity 4858K, committed 4864K, reserved 253952K
}
Event: 7.623 GC heap after
{Heap after GC invocations=6 (full 0):
 garbage-first heap   total 262144K, used 23063K [0x00000000e0000000, 0x0000000100000000)
  region size 1024K, 7 young (7168K), 7 survivors (7168K)
 Metaspace       used 34952K, capacity 35834K, committed 35920K, reserved 286720K
  class space    used 4553K, capacity 4858K, committed 4864K, reserved 253952K
}
Event: 9.182 GC heap before
{Heap before GC invocations=7 (full 0):
 garbage-first heap   total 262144K, used 140823K [0x00000000e0000000, 0x0000000100000000)
  region size 1024K, 119 young (121856K), 7 survivors (7168K)
 Metaspace       used 45890K, capacity 47019K, committed 47184K, reserved 294912K
  class space    used 5860K, capacity 6292K, committed 6400K, reserved 253952K
}
Event: 9.194 GC heap after
{Heap after GC invocations=8 (full 0):
 garbage-first heap   total 262144K, used 31267K [0x00000000e0000000, 0x0000000100000000)
  region size 1024K, 15 young (15360K), 15 survivors (15360K)
 Metaspace       used 45890K, capacity 47019K, committed 47184K, reserved 294912K
  class space    used 5860K, capacity 6292K, committed 6400K, reserved 253952K
}
Event: 10.906 GC heap before
{Heap before GC invocations=8 (full 0):
 garbage-first heap   total 262144K, used 166435K [0x00000000e0000000, 0x0000000100000000)
  region size 1024K, 147 young (150528K), 15 survivors (15360K)
 Metaspace       used 54717K, capacity 56425K, committed 56528K, reserved 303104K
  class space    used 7152K, capacity 7802K, committed 7808K, reserved 253952K
}
Event: 10.920 GC heap after
{Heap after GC invocations=9 (full 0):
 garbage-first heap   total 262144K, used 38573K [0x00000000e0000000, 0x0000000100000000)
  region size 1024K, 16 young (16384K), 16 survivors (16384K)
 Metaspace       used 54717K, capacity 56425K, committed 56528K, reserved 303104K
  class space    used 7152K, capacity 7802K, committed 7808K, reserved 253952K
}
Event: 11.394 GC heap before
{Heap before GC invocations=9 (full 0):
 garbage-first heap   total 262144K, used 79533K [0x00000000e0000000, 0x0000000100000000)
  region size 1024K, 57 young (58368K), 16 survivors (16384K)
 Metaspace       used 57896K, capacity 59835K, committed 59984K, reserved 307200K
  class space    used 7628K, capacity 8349K, committed 8448K, reserved 253952K
}
Event: 11.418 GC heap after
{Heap after GC invocations=10 (full 0):
 garbage-first heap   total 262144K, used 42804K [0x00000000e0000000, 0x0000000100000000)
  region size 1024K, 13 young (13312K), 13 survivors (13312K)
 Metaspace       used 57896K, capacity 59835K, committed 59984K, reserved 307200K
  class space    used 7628K, capacity 8349K, committed 8448K, reserved 253952K
}

