# JRE version: OpenJDK Runtime Environment (11.0.15.1+2) (build 11.0.15.1+2-LTS)
# Java VM: OpenJDK 64-Bit Server VM (11.0.15.1+2-LTS, mixed mode, tiered, compressed oops, g1 gc, windows-amd64)
Heap:
 garbage-first heap   total 403456K, used 306378K [0x00000000e0000000, 0x0000000100000000)
  region size 1024K, 2 young (2048K), 2 survivors (2048K)
 Metaspace       used 74211K, capacity 76871K, committed 77404K, reserved 321536K
  class space    used 9407K, capacity 10393K, committed 10572K, reserved 253952K
GC Heap History (20 events):
Event: 54.142 GC heap after
{Heap after GC invocations=19 (full 0):
 garbage-first heap   total 262144K, used 202752K [0x00000000e0000000, 0x0000000100000000)
  region size 1024K, 5 young (5120K), 5 survivors (5120K)
 Metaspace       used 74320K, capacity 77054K, committed 77404K, reserved 321536K
  class space    used 9440K, capacity 10454K, committed 10572K, reserved 253952K
}
Event: 54.167 GC heap before
{Heap before GC invocations=19 (full 0):
 garbage-first heap   total 262144K, used 220160K [0x00000000e0000000, 0x0000000100000000)
  region size 1024K, 18 young (18432K), 5 survivors (5120K)
 Metaspace       used 74320K, capacity 77054K, committed 77404K, reserved 321536K
  class space    used 9440K, capacity 10454K, committed 10572K, reserved 253952K
}
Event: 54.177 GC heap after
{Heap after GC invocations=20 (full 0):
 garbage-first heap   total 262144K, used 219136K [0x00000000e0000000, 0x0000000100000000)
  region size 1024K, 3 young (3072K), 3 survivors (3072K)
 Metaspace       used 74320K, capacity 77054K, committed 77404K, reserved 321536K
  class space    used 9440K, capacity 10454K, committed 10572K, reserved 253952K
}
Event: 54.196 GC heap before
{Heap before GC invocations=20 (full 0):
 garbage-first heap   total 262144K, used 228352K [0x00000000e0000000, 0x0000000100000000)
  region size 1024K, 12 young (12288K), 3 survivors (3072K)
 Metaspace       used 74320K, capacity 77054K, committed 77404K, reserved 321536K
  class space    used 9440K, capacity 10454K, committed 10572K, reserved 253952K
}
Event: 54.214 GC heap after
{Heap after GC invocations=21 (full 0):
 garbage-first heap   total 262144K, used 227248K [0x00000000e0000000, 0x0000000100000000)
  region size 1024K, 2 young (2048K), 2 survivors (2048K)
 Metaspace       used 74320K, capacity 77054K, committed 77404K, reserved 321536K
  class space    used 9440K, capacity 10454K, committed 10572K, reserved 253952K
}
Event: 54.237 GC heap before
{Heap before GC invocations=21 (full 0):
 garbage-first heap   total 262144K, used 237488K [0x00000000e0000000, 0x0000000100000000)
  region size 1024K, 12 young (12288K), 2 survivors (2048K)
 Metaspace       used 74320K, capacity 77054K, committed 77404K, reserved 321536K
  class space    used 9440K, capacity 10454K, committed 10572K, reserved 253952K
}
Event: 54.248 GC heap after
{Heap after GC invocations=22 (full 0):
 garbage-first heap   total 262144K, used 236743K [0x00000000e0000000, 0x0000000100000000)
  region size 1024K, 2 young (2048K), 2 survivors (2048K)
 Metaspace       used 74320K, capacity 77054K, committed 77404K, reserved 321536K
  class space    used 9440K, capacity 10454K, committed 10572K, reserved 253952K
}
Event: 54.270 GC heap before
{Heap before GC invocations=22 (full 0):
 garbage-first heap   total 262144K, used 246983K [0x00000000e0000000, 0x0000000100000000)
  region size 1024K, 12 young (12288K), 2 survivors (2048K)
 Metaspace       used 74320K, capacity 77054K, committed 77404K, reserved 321536K
  class space    used 9440K, capacity 10454K, committed 10572K, reserved 253952K
}
Event: 54.280 GC heap after
{Heap after GC invocations=23 (full 0):
 garbage-first heap   total 262144K, used 245282K [0x00000000e0000000, 0x0000000100000000)
  region size 1024K, 2 young (2048K), 2 survivors (2048K)
 Metaspace       used 74320K, capacity 77054K, committed 77404K, reserved 321536K
  class space    used 9440K, capacity 10454K, committed 10572K, reserved 253952K
}
Event: 54.297 GC heap before
{Heap before GC invocations=23 (full 0):
 garbage-first heap   total 262144K, used 255522K [0x00000000e0000000, 0x0000000100000000)
  region size 1024K, 12 young (12288K), 2 survivors (2048K)
 Metaspace       used 74320K, capacity 77054K, committed 77404K, reserved 321536K
  class space    used 9440K, capacity 10454K, committed 10572K, reserved 253952K
}
Event: 54.306 GC heap after
{Heap after GC invocations=24 (full 0):
 garbage-first heap   total 267264K, used 254783K [0x00000000e0000000, 0x0000000100000000)
  region size 1024K, 2 young (2048K), 2 survivors (2048K)
 Metaspace       used 74320K, capacity 77054K, committed 77404K, reserved 321536K
  class space    used 9440K, capacity 10454K, committed 10572K, reserved 253952K
}
Event: 54.369 GC heap before
{Heap before GC invocations=24 (full 0):
 garbage-first heap   total 267264K, used 263999K [0x00000000e0000000, 0x0000000100000000)
  region size 1024K, 13 young (13312K), 2 survivors (2048K)
 Metaspace       used 74210K, capacity 76871K, committed 77404K, reserved 321536K
  class space    used 9406K, capacity 10393K, committed 10572K, reserved 253952K
}
Event: 54.412 GC heap after
{Heap after GC invocations=25 (full 0):
 garbage-first heap   total 276480K, used 262845K [0x00000000e0000000, 0x0000000100000000)
  region size 1024K, 2 young (2048K), 2 survivors (2048K)
 Metaspace       used 74210K, capacity 76871K, committed 77404K, reserved 321536K
  class space    used 9406K, capacity 10393K, committed 10572K, reserved 253952K
}
Event: 54.469 GC heap before
{Heap before GC invocations=25 (full 0):
 garbage-first heap   total 276480K, used 274109K [0x00000000e0000000, 0x0000000100000000)
  region size 1024K, 13 young (13312K), 2 survivors (2048K)
 Metaspace       used 74210K, capacity 76871K, committed 77404K, reserved 321536K
  class space    used 9406K, capacity 10393K, committed 10572K, reserved 253952K
}
Event: 54.533 GC heap after
{Heap after GC invocations=26 (full 0):
 garbage-first heap   total 286720K, used 272568K [0x00000000e0000000, 0x0000000100000000)
  region size 1024K, 2 young (2048K), 2 survivors (2048K)
 Metaspace       used 74210K, capacity 76871K, committed 77404K, reserved 321536K
  class space    used 9406K, capacity 10393K, committed 10572K, reserved 253952K
}
Event: 54.556 GC heap before
{Heap before GC invocations=26 (full 0):
 garbage-first heap   total 288768K, used 286904K [0x00000000e0000000, 0x0000000100000000)
  region size 1024K, 14 young (14336K), 2 survivors (2048K)
 Metaspace       used 74211K, capacity 76871K, committed 77404K, reserved 321536K
  class space    used 9407K, capacity 10393K, committed 10572K, reserved 253952K
}
Event: 54.586 GC heap after
{Heap after GC invocations=27 (full 0):
 garbage-first heap   total 300032K, used 285032K [0x00000000e0000000, 0x0000000100000000)
  region size 1024K, 2 young (2048K), 2 survivors (2048K)
 Metaspace       used 74211K, capacity 76871K, committed 77404K, reserved 321536K
  class space    used 9407K, capacity 10393K, committed 10572K, reserved 253952K
}
Event: 54.622 GC heap before
{Heap before GC invocations=27 (full 0):
 garbage-first heap   total 300032K, used 297320K [0x00000000e0000000, 0x0000000100000000)
  region size 1024K, 14 young (14336K), 2 survivors (2048K)
 Metaspace       used 74211K, capacity 76871K, committed 77404K, reserved 321536K
  class space    used 9407K, capacity 10393K, committed 10572K, reserved 253952K
}
Event: 54.639 GC heap after
{Heap after GC invocations=28 (full 0):
 garbage-first heap   total 310272K, used 295843K [0x00000000e0000000, 0x0000000100000000)
  region size 1024K, 2 young (2048K), 2 survivors (2048K)
 Metaspace       used 74211K, capacity 76871K, committed 77404K, reserved 321536K
  class space    used 9407K, capacity 10393K, committed 10572K, reserved 253952K
}
Event: 54.701 GC heap before
{Heap before GC invocations=29 (full 0):
 garbage-first heap   total 310272K, used 310179K [0x00000000e0000000, 0x0000000100000000)
  region size 1024K, 14 young (14336K), 2 survivors (2048K)
 Metaspace       used 74211K, capacity 76871K, committed 77404K, reserved 321536K
  class space    used 9407K, capacity 10393K, committed 10572K, reserved 253952K
}

