# JRE version: OpenJDK Runtime Environment (11.0.15.1+2) (build 11.0.15.1+2-LTS)
# Java VM: OpenJDK 64-Bit Server VM (11.0.15.1+2-LTS, mixed mode, tiered, compressed oops, g1 gc, windows-amd64)
Heap:
 garbage-first heap   total 262144K, used 107963K [0x00000000e0000000, 0x0000000100000000)
  region size 1024K, 63 young (64512K), 15 survivors (15360K)
 Metaspace       used 76524K, capacity 79078K, committed 79184K, reserved 323584K
  class space    used 9733K, capacity 10746K, committed 10752K, reserved 253952K
GC Heap History (18 events):
Event: 1.386 GC heap before
{Heap before GC invocations=0 (full 0):
 garbage-first heap   total 262144K, used 29696K [0x00000000e0000000, 0x0000000100000000)
  region size 1024K, 24 young (24576K), 0 survivors (0K)
 Metaspace       used 10096K, capacity 10336K, committed 10624K, reserved 264192K
  class space    used 1025K, capacity 1105K, committed 1152K, reserved 253952K
}
Event: 1.392 GC heap after
{Heap after GC invocations=1 (full 0):
 garbage-first heap   total 262144K, used 9300K [0x00000000e0000000, 0x0000000100000000)
  region size 1024K, 3 young (3072K), 3 survivors (3072K)
 Metaspace       used 10096K, capacity 10336K, committed 10624K, reserved 264192K
  class space    used 1025K, capacity 1105K, committed 1152K, reserved 253952K
}
Event: 4.596 GC heap before
{Heap before GC invocations=1 (full 0):
 garbage-first heap   total 262144K, used 108628K [0x00000000e0000000, 0x0000000100000000)
  region size 1024K, 100 young (102400K), 3 survivors (3072K)
 Metaspace       used 20755K, capacity 21192K, committed 21296K, reserved 274432K
  class space    used 2514K, capacity 2684K, committed 2688K, reserved 253952K
}
Event: 4.608 GC heap after
{Heap after GC invocations=2 (full 0):
 garbage-first heap   total 262144K, used 16711K [0x00000000e0000000, 0x0000000100000000)
  region size 1024K, 11 young (11264K), 11 survivors (11264K)
 Metaspace       used 20755K, capacity 21192K, committed 21296K, reserved 274432K
  class space    used 2514K, capacity 2684K, committed 2688K, reserved 253952K
}
Event: 5.079 GC heap before
{Heap before GC invocations=3 (full 0):
 garbage-first heap   total 262144K, used 36167K [0x00000000e0000000, 0x0000000100000000)
  region size 1024K, 31 young (31744K), 11 survivors (11264K)
 Metaspace       used 22650K, capacity 23175K, committed 23472K, reserved 274432K
  class space    used 2842K, capacity 3032K, committed 3072K, reserved 253952K
}
Event: 5.085 GC heap after
{Heap after GC invocations=4 (full 0):
 garbage-first heap   total 262144K, used 18231K [0x00000000e0000000, 0x0000000100000000)
  region size 1024K, 2 young (2048K), 2 survivors (2048K)
 Metaspace       used 22650K, capacity 23175K, committed 23472K, reserved 274432K
  class space    used 2842K, capacity 3032K, committed 3072K, reserved 253952K
}
Event: 6.838 GC heap before
{Heap before GC invocations=4 (full 0):
 garbage-first heap   total 262144K, used 121655K [0x00000000e0000000, 0x0000000100000000)
  region size 1024K, 104 young (106496K), 2 survivors (2048K)
 Metaspace       used 34962K, capacity 35835K, committed 35920K, reserved 286720K
  class space    used 4555K, capacity 4858K, committed 4864K, reserved 253952K
}
Event: 6.849 GC heap after
{Heap after GC invocations=5 (full 0):
 garbage-first heap   total 262144K, used 22504K [0x00000000e0000000, 0x0000000100000000)
  region size 1024K, 6 young (6144K), 6 survivors (6144K)
 Metaspace       used 34962K, capacity 35835K, committed 35920K, reserved 286720K
  class space    used 4555K, capacity 4858K, committed 4864K, reserved 253952K
}
Event: 9.068 GC heap before
{Heap before GC invocations=6 (full 0):
 garbage-first heap   total 262144K, used 176104K [0x00000000e0000000, 0x0000000100000000)
  region size 1024K, 153 young (156672K), 6 survivors (6144K)
 Metaspace       used 48809K, capacity 50015K, committed 50128K, reserved 299008K
  class space    used 6249K, capacity 6717K, committed 6784K, reserved 253952K
}
Event: 9.078 GC heap after
{Heap after GC invocations=7 (full 0):
 garbage-first heap   total 262144K, used 30802K [0x00000000e0000000, 0x0000000100000000)
  region size 1024K, 14 young (14336K), 14 survivors (14336K)
 Metaspace       used 48809K, capacity 50015K, committed 50128K, reserved 299008K
  class space    used 6249K, capacity 6717K, committed 6784K, reserved 253952K
}
Event: 11.072 GC heap before
{Heap before GC invocations=7 (full 0):
 garbage-first heap   total 262144K, used 97362K [0x00000000e0000000, 0x0000000100000000)
  region size 1024K, 80 young (81920K), 14 survivors (14336K)
 Metaspace       used 58458K, capacity 59836K, committed 59984K, reserved 307200K
  class space    used 7511K, capacity 8086K, committed 8192K, reserved 253952K
}
Event: 11.092 GC heap after
{Heap after GC invocations=8 (full 0):
 garbage-first heap   total 262144K, used 36252K [0x00000000e0000000, 0x0000000100000000)
  region size 1024K, 14 young (14336K), 14 survivors (14336K)
 Metaspace       used 58458K, capacity 59836K, committed 59984K, reserved 307200K
  class space    used 7511K, capacity 8086K, committed 8192K, reserved 253952K
}
Event: 13.694 GC heap before
{Heap before GC invocations=9 (full 0):
 garbage-first heap   total 262144K, used 178588K [0x00000000e0000000, 0x0000000100000000)
  region size 1024K, 153 young (156672K), 14 survivors (14336K)
 Metaspace       used 65272K, capacity 67271K, committed 67408K, reserved 313344K
  class space    used 8438K, capacity 9191K, committed 9216K, reserved 253952K
}
Event: 13.707 GC heap after
{Heap after GC invocations=10 (full 0):
 garbage-first heap   total 262144K, used 45273K [0x00000000e0000000, 0x0000000100000000)
  region size 1024K, 15 young (15360K), 15 survivors (15360K)
 Metaspace       used 65272K, capacity 67271K, committed 67408K, reserved 313344K
  class space    used 8438K, capacity 9191K, committed 9216K, reserved 253952K
}
Event: 96.342 GC heap before
{Heap before GC invocations=10 (full 0):
 garbage-first heap   total 262144K, used 186585K [0x00000000e0000000, 0x0000000100000000)
  region size 1024K, 153 young (156672K), 15 survivors (15360K)
 Metaspace       used 67558K, capacity 69760K, committed 69840K, reserved 315392K
  class space    used 8668K, capacity 9524K, committed 9600K, reserved 253952K
}
Event: 96.352 GC heap after
{Heap after GC invocations=11 (full 0):
 garbage-first heap   total 262144K, used 48948K [0x00000000e0000000, 0x0000000100000000)
  region size 1024K, 13 young (13312K), 13 survivors (13312K)
 Metaspace       used 67558K, capacity 69760K, committed 69840K, reserved 315392K
  class space    used 8668K, capacity 9524K, committed 9600K, reserved 253952K
}
Event: 98.013 GC heap before
{Heap before GC invocations=11 (full 0):
 garbage-first heap   total 262144K, used 191284K [0x00000000e0000000, 0x0000000100000000)
  region size 1024K, 153 young (156672K), 13 survivors (13312K)
 Metaspace       used 75416K, capacity 77924K, committed 78032K, reserved 321536K
  class space    used 9626K, capacity 10533K, committed 10624K, reserved 253952K
}
Event: 98.027 GC heap after
{Heap after GC invocations=12 (full 0):
 garbage-first heap   total 262144K, used 59835K [0x00000000e0000000, 0x0000000100000000)
  region size 1024K, 15 young (15360K), 15 survivors (15360K)
 Metaspace       used 75416K, capacity 77924K, committed 78032K, reserved 321536K
  class space    used 9626K, capacity 10533K, committed 10624K, reserved 253952K
}

