# JRE version: OpenJDK Runtime Environment (11.0.15.1+2) (build 11.0.15.1+2-LTS)
# Java VM: OpenJDK 64-Bit Server VM (11.0.15.1+2-LTS, mixed mode, tiered, compressed oops, g1 gc, windows-amd64)
Heap:
 garbage-first heap   total 262144K, used 88261K [0x00000000e0000000, 0x0000000100000000)
  region size 1024K, 58 young (59392K), 17 survivors (17408K)
 Metaspace       used 60674K, capacity 62856K, committed 63056K, reserved 309248K
  class space    used 7844K, capacity 8651K, committed 8704K, reserved 253952K
GC Heap History (16 events):
Event: 1.010 GC heap before
{Heap before GC invocations=0 (full 0):
 garbage-first heap   total 262144K, used 29696K [0x00000000e0000000, 0x0000000100000000)
  region size 1024K, 24 young (24576K), 0 survivors (0K)
 Metaspace       used 10161K, capacity 10456K, committed 10624K, reserved 264192K
  class space    used 1026K, capacity 1105K, committed 1152K, reserved 253952K
}
Event: 1.015 GC heap after
{Heap after GC invocations=1 (full 0):
 garbage-first heap   total 262144K, used 9684K [0x00000000e0000000, 0x0000000100000000)
  region size 1024K, 3 young (3072K), 3 survivors (3072K)
 Metaspace       used 10161K, capacity 10456K, committed 10624K, reserved 264192K
  class space    used 1026K, capacity 1105K, committed 1152K, reserved 253952K
}
Event: 3.660 GC heap before
{Heap before GC invocations=1 (full 0):
 garbage-first heap   total 262144K, used 106964K [0x00000000e0000000, 0x0000000100000000)
  region size 1024K, 98 young (100352K), 3 survivors (3072K)
 Metaspace       used 20756K, capacity 21146K, committed 21296K, reserved 274432K
  class space    used 2494K, capacity 2647K, committed 2688K, reserved 253952K
}
Event: 3.673 GC heap after
{Heap after GC invocations=2 (full 0):
 garbage-first heap   total 262144K, used 17089K [0x00000000e0000000, 0x0000000100000000)
  region size 1024K, 11 young (11264K), 11 survivors (11264K)
 Metaspace       used 20756K, capacity 21146K, committed 21296K, reserved 274432K
  class space    used 2494K, capacity 2647K, committed 2688K, reserved 253952K
}
Event: 3.918 GC heap before
{Heap before GC invocations=3 (full 0):
 garbage-first heap   total 262144K, used 28353K [0x00000000e0000000, 0x0000000100000000)
  region size 1024K, 22 young (22528K), 11 survivors (11264K)
 Metaspace       used 22265K, capacity 22787K, committed 23088K, reserved 274432K
  class space    used 2739K, capacity 2901K, committed 2944K, reserved 253952K
}
Event: 3.926 GC heap after
{Heap after GC invocations=4 (full 0):
 garbage-first heap   total 262144K, used 18748K [0x00000000e0000000, 0x0000000100000000)
  region size 1024K, 1 young (1024K), 1 survivors (1024K)
 Metaspace       used 22265K, capacity 22787K, committed 23088K, reserved 274432K
  class space    used 2739K, capacity 2901K, committed 2944K, reserved 253952K
}
Event: 5.813 GC heap before
{Heap before GC invocations=4 (full 0):
 garbage-first heap   total 262144K, used 126268K [0x00000000e0000000, 0x0000000100000000)
  region size 1024K, 106 young (108544K), 1 survivors (1024K)
 Metaspace       used 33964K, capacity 34770K, committed 34864K, reserved 284672K
  class space    used 4407K, capacity 4705K, committed 4736K, reserved 253952K
}
Event: 5.821 GC heap after
{Heap after GC invocations=5 (full 0):
 garbage-first heap   total 262144K, used 22730K [0x00000000e0000000, 0x0000000100000000)
  region size 1024K, 5 young (5120K), 5 survivors (5120K)
 Metaspace       used 33964K, capacity 34770K, committed 34864K, reserved 284672K
  class space    used 4407K, capacity 4705K, committed 4736K, reserved 253952K
}
Event: 5.880 GC heap before
{Heap before GC invocations=5 (full 0):
 garbage-first heap   total 262144K, used 23754K [0x00000000e0000000, 0x0000000100000000)
  region size 1024K, 7 young (7168K), 5 survivors (5120K)
 Metaspace       used 34999K, capacity 35770K, committed 35920K, reserved 286720K
  class space    used 4460K, capacity 4806K, committed 4864K, reserved 253952K
}
Event: 5.890 GC heap after
{Heap after GC invocations=6 (full 0):
 garbage-first heap   total 262144K, used 23512K [0x00000000e0000000, 0x0000000100000000)
  region size 1024K, 6 young (6144K), 6 survivors (6144K)
 Metaspace       used 34999K, capacity 35770K, committed 35920K, reserved 286720K
  class space    used 4460K, capacity 4806K, committed 4864K, reserved 253952K
}
Event: 7.799 GC heap before
{Heap before GC invocations=7 (full 0):
 garbage-first heap   total 262144K, used 135128K [0x00000000e0000000, 0x0000000100000000)
  region size 1024K, 113 young (115712K), 6 survivors (6144K)
 Metaspace       used 44503K, capacity 45683K, committed 45904K, reserved 294912K
  class space    used 5638K, capacity 6029K, committed 6144K, reserved 253952K
}
Event: 7.820 GC heap after
{Heap after GC invocations=8 (full 0):
 garbage-first heap   total 262144K, used 30854K [0x00000000e0000000, 0x0000000100000000)
  region size 1024K, 13 young (13312K), 13 survivors (13312K)
 Metaspace       used 44503K, capacity 45683K, committed 45904K, reserved 294912K
  class space    used 5638K, capacity 6029K, committed 6144K, reserved 253952K
}
Event: 9.447 GC heap before
{Heap before GC invocations=9 (full 0):
 garbage-first heap   total 262144K, used 151686K [0x00000000e0000000, 0x0000000100000000)
  region size 1024K, 130 young (133120K), 13 survivors (13312K)
 Metaspace       used 53291K, capacity 55019K, committed 55248K, reserved 303104K
  class space    used 6841K, capacity 7449K, committed 7552K, reserved 253952K
}
Event: 9.469 GC heap after
{Heap after GC invocations=10 (full 0):
 garbage-first heap   total 262144K, used 37572K [0x00000000e0000000, 0x0000000100000000)
  region size 1024K, 15 young (15360K), 15 survivors (15360K)
 Metaspace       used 53291K, capacity 55019K, committed 55248K, reserved 303104K
  class space    used 6841K, capacity 7449K, committed 7552K, reserved 253952K
}
Event: 11.084 GC heap before
{Heap before GC invocations=10 (full 0):
 garbage-first heap   total 262144K, used 165572K [0x00000000e0000000, 0x0000000100000000)
  region size 1024K, 140 young (143360K), 15 survivors (15360K)
 Metaspace       used 59338K, capacity 61444K, committed 61520K, reserved 307200K
  class space    used 7665K, capacity 8419K, committed 8448K, reserved 253952K
}
Event: 11.100 GC heap after
{Heap after GC invocations=11 (full 0):
 garbage-first heap   total 262144K, used 47301K [0x00000000e0000000, 0x0000000100000000)
  region size 1024K, 17 young (17408K), 17 survivors (17408K)
 Metaspace       used 59338K, capacity 61444K, committed 61520K, reserved 307200K
  class space    used 7665K, capacity 8419K, committed 8448K, reserved 253952K
}

