# JRE version: OpenJDK Runtime Environment (11.0.15.1+2) (build 11.0.15.1+2-LTS)
# Java VM: OpenJDK 64-Bit Server VM (11.0.15.1+2-LTS, mixed mode, tiered, compressed oops, g1 gc, windows-amd64)
Heap:
 garbage-first heap   total 262144K, used 165932K [0x00000000e0000000, 0x0000000100000000)
  region size 1024K, 8 young (8192K), 3 survivors (3072K)
 Metaspace       used 76495K, capacity 79130K, committed 79348K, reserved 323584K
  class space    used 9736K, capacity 10620K, committed 10624K, reserved 253952K
GC Heap History (20 events):
Event: 5.582 GC heap before
{Heap before GC invocations=7 (full 0):
 garbage-first heap   total 262144K, used 207482K [0x00000000e0000000, 0x0000000100000000)
  region size 1024K, 145 young (148480K), 7 survivors (7168K)
 Metaspace       used 49467K, capacity 50752K, committed 50992K, reserved 299008K
  class space    used 6301K, capacity 6771K, committed 6784K, reserved 253952K
}
Event: 5.617 GC heap after
{Heap after GC invocations=8 (full 0):
 garbage-first heap   total 262144K, used 74339K [0x00000000e0000000, 0x0000000100000000)
  region size 1024K, 18 young (18432K), 18 survivors (18432K)
 Metaspace       used 49467K, capacity 50752K, committed 50992K, reserved 299008K
  class space    used 6301K, capacity 6771K, committed 6784K, reserved 253952K
}
Event: 7.646 GC heap before
{Heap before GC invocations=8 (full 0):
 garbage-first heap   total 262144K, used 196195K [0x00000000e0000000, 0x0000000100000000)
  region size 1024K, 129 young (132096K), 18 survivors (18432K)
 Metaspace       used 57757K, capacity 59511K, committed 59696K, reserved 307200K
  class space    used 7525K, capacity 8195K, committed 8320K, reserved 253952K
}
Event: 7.664 GC heap after
{Heap after GC invocations=9 (full 0):
 garbage-first heap   total 262144K, used 89496K [0x00000000e0000000, 0x0000000100000000)
  region size 1024K, 7 young (7168K), 7 survivors (7168K)
 Metaspace       used 57757K, capacity 59511K, committed 59696K, reserved 307200K
  class space    used 7525K, capacity 8195K, committed 8320K, reserved 253952K
}
Event: 8.160 GC heap before
{Heap before GC invocations=10 (full 0):
 garbage-first heap   total 262144K, used 166296K [0x00000000e0000000, 0x0000000100000000)
  region size 1024K, 51 young (52224K), 7 survivors (7168K)
 Metaspace       used 60968K, capacity 62903K, committed 63092K, reserved 309248K
  class space    used 7976K, capacity 8682K, committed 8704K, reserved 253952K
}
Event: 8.165 GC heap after
{Heap after GC invocations=11 (full 0):
 garbage-first heap   total 262144K, used 128287K [0x00000000e0000000, 0x0000000100000000)
  region size 1024K, 13 young (13312K), 13 survivors (13312K)
 Metaspace       used 60968K, capacity 62903K, committed 63092K, reserved 309248K
  class space    used 7976K, capacity 8682K, committed 8704K, reserved 253952K
}
Event: 8.582 GC heap before
{Heap before GC invocations=12 (full 0):
 garbage-first heap   total 262144K, used 217375K [0x00000000e0000000, 0x0000000100000000)
  region size 1024K, 88 young (90112K), 13 survivors (13312K)
 Metaspace       used 64350K, capacity 66466K, committed 66676K, reserved 313344K
  class space    used 8465K, capacity 9196K, committed 9216K, reserved 253952K
}
Event: 8.588 GC heap after
{Heap after GC invocations=13 (full 0):
 garbage-first heap   total 262144K, used 143193K [0x00000000e0000000, 0x0000000100000000)
  region size 1024K, 10 young (10240K), 10 survivors (10240K)
 Metaspace       used 64350K, capacity 66466K, committed 66676K, reserved 313344K
  class space    used 8465K, capacity 9196K, committed 9216K, reserved 253952K
}
Event: 9.419 GC heap before
{Heap before GC invocations=13 (full 0):
 garbage-first heap   total 262144K, used 212825K [0x00000000e0000000, 0x0000000100000000)
  region size 1024K, 78 young (79872K), 10 survivors (10240K)
 Metaspace       used 67761K, capacity 70159K, committed 70260K, reserved 315392K
  class space    used 8824K, capacity 9646K, committed 9728K, reserved 253952K
}
Event: 9.429 GC heap after
{Heap after GC invocations=14 (full 0):
 garbage-first heap   total 262144K, used 148600K [0x00000000e0000000, 0x0000000100000000)
  region size 1024K, 9 young (9216K), 9 survivors (9216K)
 Metaspace       used 67761K, capacity 70159K, committed 70260K, reserved 315392K
  class space    used 8824K, capacity 9646K, committed 9728K, reserved 253952K
}
Event: 10.155 GC heap before
{Heap before GC invocations=15 (full 0):
 garbage-first heap   total 262144K, used 215160K [0x00000000e0000000, 0x0000000100000000)
  region size 1024K, 74 young (75776K), 9 survivors (9216K)
 Metaspace       used 68890K, capacity 71208K, committed 71412K, reserved 317440K
  class space    used 8897K, capacity 9731K, committed 9856K, reserved 253952K
}
Event: 10.162 GC heap after
{Heap after GC invocations=16 (full 0):
 garbage-first heap   total 262144K, used 152850K [0x00000000e0000000, 0x0000000100000000)
  region size 1024K, 5 young (5120K), 5 survivors (5120K)
 Metaspace       used 68890K, capacity 71208K, committed 71412K, reserved 317440K
  class space    used 8897K, capacity 9731K, committed 9856K, reserved 253952K
}
Event: 10.609 GC heap before
{Heap before GC invocations=16 (full 0):
 garbage-first heap   total 262144K, used 218386K [0x00000000e0000000, 0x0000000100000000)
  region size 1024K, 69 young (70656K), 5 survivors (5120K)
 Metaspace       used 70562K, capacity 72977K, committed 73076K, reserved 317440K
  class space    used 9079K, capacity 9944K, committed 9984K, reserved 253952K
}
Event: 10.613 GC heap after
{Heap after GC invocations=17 (full 0):
 garbage-first heap   total 262144K, used 153852K [0x00000000e0000000, 0x0000000100000000)
  region size 1024K, 6 young (6144K), 6 survivors (6144K)
 Metaspace       used 70562K, capacity 72977K, committed 73076K, reserved 317440K
  class space    used 9079K, capacity 9944K, committed 9984K, reserved 253952K
}
Event: 10.916 GC heap before
{Heap before GC invocations=18 (full 0):
 garbage-first heap   total 262144K, used 177404K [0x00000000e0000000, 0x0000000100000000)
  region size 1024K, 31 young (31744K), 6 survivors (6144K)
 Metaspace       used 72311K, capacity 74670K, committed 74868K, reserved 319488K
  class space    used 9294K, capacity 10143K, committed 10240K, reserved 253952K
}
Event: 10.920 GC heap after
{Heap after GC invocations=19 (full 0):
 garbage-first heap   total 262144K, used 155060K [0x00000000e0000000, 0x0000000100000000)
  region size 1024K, 4 young (4096K), 4 survivors (4096K)
 Metaspace       used 72311K, capacity 74670K, committed 74868K, reserved 319488K
  class space    used 9294K, capacity 10143K, committed 10240K, reserved 253952K
}
Event: 11.350 GC heap before
{Heap before GC invocations=20 (full 0):
 garbage-first heap   total 262144K, used 216500K [0x00000000e0000000, 0x0000000100000000)
  region size 1024K, 63 young (64512K), 4 survivors (4096K)
 Metaspace       used 74260K, capacity 76705K, committed 76788K, reserved 321536K
  class space    used 9463K, capacity 10289K, committed 10368K, reserved 253952K
}
Event: 11.355 GC heap after
{Heap after GC invocations=21 (full 0):
 garbage-first heap   total 262144K, used 159373K [0x00000000e0000000, 0x0000000100000000)
  region size 1024K, 8 young (8192K), 8 survivors (8192K)
 Metaspace       used 74260K, capacity 76705K, committed 76788K, reserved 321536K
  class space    used 9463K, capacity 10289K, committed 10368K, reserved 253952K
}
Event: 64.594 GC heap before
{Heap before GC invocations=21 (full 0):
 garbage-first heap   total 262144K, used 217741K [0x00000000e0000000, 0x0000000100000000)
  region size 1024K, 65 young (66560K), 8 survivors (8192K)
 Metaspace       used 76385K, capacity 78953K, committed 79092K, reserved 323584K
  class space    used 9727K, capacity 10608K, committed 10624K, reserved 253952K
}
Event: 64.602 GC heap after
{Heap after GC invocations=22 (full 0):
 garbage-first heap   total 262144K, used 161836K [0x00000000e0000000, 0x0000000100000000)
  region size 1024K, 3 young (3072K), 3 survivors (3072K)
 Metaspace       used 76385K, capacity 78953K, committed 79092K, reserved 323584K
  class space    used 9727K, capacity 10608K, committed 10624K, reserved 253952K
}

